app/build/intermediates/manifest_merge_blame_file/debug/processDebugMainManifest/manifest-merger-blame-debug-report.txt
1<?xml version="1.0" encoding="utf-8"?>
2<manifest xmlns:android="http://schemas.android.com/apk/res/android"
3    package="com.countjoy"
4    android:versionCode="1"
5    android:versionName="1.0.0" >
6
7    <uses-sdk
8        android:minSdkVersion="24"
9        android:targetSdkVersion="34" />
10
11    <!-- Permissions -->
12    <uses-permission android:name="android.permission.RECEIVE_BOOT_COMPLETED" />
12-->src/main/AndroidManifest.xml:6:5-81
12-->src/main/AndroidManifest.xml:6:22-78
13    <uses-permission android:name="android.permission.FOREGROUND_SERVICE" />
13-->src/main/AndroidManifest.xml:7:5-77
13-->src/main/AndroidManifest.xml:7:22-74
14    <uses-permission android:name="android.permission.FOREGROUND_SERVICE_DATA_SYNC" />
14-->src/main/AndroidManifest.xml:8:5-87
14-->src/main/AndroidManifest.xml:8:22-84
15    <uses-permission android:name="android.permission.POST_NOTIFICATIONS" />
15-->src/main/AndroidManifest.xml:9:5-77
15-->src/main/AndroidManifest.xml:9:22-74
16    <uses-permission android:name="android.permission.VIBRATE" />
16-->src/main/AndroidManifest.xml:10:5-66
16-->src/main/AndroidManifest.xml:10:22-63
17    <uses-permission android:name="android.permission.WAKE_LOCK" />
17-->src/main/AndroidManifest.xml:11:5-68
17-->src/main/AndroidManifest.xml:11:22-65
18    <uses-permission android:name="android.permission.ACCESS_NETWORK_STATE" />
18-->[androidx.work:work-runtime:2.9.0] AndroidManifest.xml:24:5-79
18-->[androidx.work:work-runtime:2.9.0] AndroidManifest.xml:24:22-76
19
20    <permission
20-->[androidx.core:core:1.12.0] AndroidManifest.xml:22:5-24:47
21        android:name="com.countjoy.DYNAMIC_RECEIVER_NOT_EXPORTED_PERMISSION"
21-->[androidx.core:core:1.12.0] AndroidManifest.xml:23:9-81
22        android:protectionLevel="signature" />
22-->[androidx.core:core:1.12.0] AndroidManifest.xml:24:9-44
23
24    <uses-permission android:name="com.countjoy.DYNAMIC_RECEIVER_NOT_EXPORTED_PERMISSION" />
24-->[androidx.core:core:1.12.0] AndroidManifest.xml:26:5-97
24-->[androidx.core:core:1.12.0] AndroidManifest.xml:26:22-94
25
26    <application
26-->src/main/AndroidManifest.xml:13:5-75:19
27        android:name="com.countjoy.CountJoyApplication"
27-->src/main/AndroidManifest.xml:14:9-44
28        android:allowBackup="true"
28-->src/main/AndroidManifest.xml:15:9-35
29        android:appComponentFactory="androidx.core.app.CoreComponentFactory"
29-->[androidx.core:core:1.12.0] AndroidManifest.xml:28:18-86
30        android:dataExtractionRules="@xml/data_extraction_rules"
30-->src/main/AndroidManifest.xml:16:9-65
31        android:debuggable="true"
32        android:extractNativeLibs="false"
33        android:fullBackupContent="@xml/backup_rules"
33-->src/main/AndroidManifest.xml:17:9-54
34        android:icon="@mipmap/ic_launcher"
34-->src/main/AndroidManifest.xml:18:9-43
35        android:label="@string/app_name"
35-->src/main/AndroidManifest.xml:19:9-41
36        android:roundIcon="@mipmap/ic_launcher_round"
36-->src/main/AndroidManifest.xml:20:9-54
37        android:supportsRtl="true"
37-->src/main/AndroidManifest.xml:21:9-35
38        android:theme="@style/Theme.CountJoy" >
38-->src/main/AndroidManifest.xml:22:9-46
39        <activity
39-->src/main/AndroidManifest.xml:24:9-32:20
40            android:name="com.countjoy.MainActivity"
40-->src/main/AndroidManifest.xml:25:13-41
41            android:exported="true"
41-->src/main/AndroidManifest.xml:26:13-36
42            android:theme="@style/Theme.CountJoy" >
42-->src/main/AndroidManifest.xml:27:13-50
43            <intent-filter>
43-->src/main/AndroidManifest.xml:28:13-31:29
44                <action android:name="android.intent.action.MAIN" />
44-->src/main/AndroidManifest.xml:29:17-69
44-->src/main/AndroidManifest.xml:29:25-66
45
46                <category android:name="android.intent.category.LAUNCHER" />
46-->src/main/AndroidManifest.xml:30:17-77
46-->src/main/AndroidManifest.xml:30:27-74
47            </intent-filter>
48        </activity>
49
50        <!-- Countdown Service -->
51        <service
51-->src/main/AndroidManifest.xml:35:9-39:56
52            android:name="com.countjoy.service.CountdownService"
52-->src/main/AndroidManifest.xml:36:13-53
53            android:enabled="true"
53-->src/main/AndroidManifest.xml:37:13-35
54            android:exported="false"
54-->src/main/AndroidManifest.xml:38:13-37
55            android:foregroundServiceType="dataSync" />
55-->src/main/AndroidManifest.xml:39:13-53
56
57        <!-- Boot Receiver -->
58        <receiver
58-->src/main/AndroidManifest.xml:42:9-52:20
59            android:name="com.countjoy.receiver.BootReceiver"
59-->src/main/AndroidManifest.xml:43:13-50
60            android:enabled="true"
60-->src/main/AndroidManifest.xml:44:13-35
61            android:exported="true"
61-->src/main/AndroidManifest.xml:45:13-36
62            android:permission="android.permission.RECEIVE_BOOT_COMPLETED" >
62-->src/main/AndroidManifest.xml:46:13-75
63            <intent-filter>
63-->src/main/AndroidManifest.xml:47:13-51:29
64                <action android:name="android.intent.action.BOOT_COMPLETED" />
64-->src/main/AndroidManifest.xml:48:17-79
64-->src/main/AndroidManifest.xml:48:25-76
65                <action android:name="android.intent.action.LOCKED_BOOT_COMPLETED" />
65-->src/main/AndroidManifest.xml:49:17-86
65-->src/main/AndroidManifest.xml:49:25-83
66
67                <category android:name="android.intent.category.DEFAULT" />
67-->src/main/AndroidManifest.xml:50:17-76
67-->src/main/AndroidManifest.xml:50:27-73
68            </intent-filter>
69        </receiver>
70
71        <!-- Timezone Change Receiver -->
72        <receiver
72-->src/main/AndroidManifest.xml:55:9-63:20
73            android:name="com.countjoy.receiver.TimezoneChangeReceiver"
73-->src/main/AndroidManifest.xml:56:13-60
74            android:enabled="true"
74-->src/main/AndroidManifest.xml:57:13-35
75            android:exported="true" >
75-->src/main/AndroidManifest.xml:58:13-36
76            <intent-filter>
76-->src/main/AndroidManifest.xml:59:13-62:29
77                <action android:name="android.intent.action.TIMEZONE_CHANGED" />
77-->src/main/AndroidManifest.xml:60:17-81
77-->src/main/AndroidManifest.xml:60:25-78
78                <action android:name="android.intent.action.TIME_SET" />
78-->src/main/AndroidManifest.xml:61:17-73
78-->src/main/AndroidManifest.xml:61:25-70
79            </intent-filter>
80        </receiver>
81
82        <!-- File Provider for sharing -->
83        <provider
84            android:name="androidx.core.content.FileProvider"
84-->src/main/AndroidManifest.xml:67:13-62
85            android:authorities="com.countjoy.fileprovider"
85-->src/main/AndroidManifest.xml:68:13-64
86            android:exported="false"
86-->src/main/AndroidManifest.xml:69:13-37
87            android:grantUriPermissions="true" >
87-->src/main/AndroidManifest.xml:70:13-47
88            <meta-data
88-->src/main/AndroidManifest.xml:71:13-73:54
89                android:name="android.support.FILE_PROVIDER_PATHS"
89-->src/main/AndroidManifest.xml:72:17-67
90                android:resource="@xml/file_paths" />
90-->src/main/AndroidManifest.xml:73:17-51
91        </provider>
92        <provider
92-->[androidx.work:work-runtime:2.9.0] AndroidManifest.xml:29:9-37:20
93            android:name="androidx.startup.InitializationProvider"
93-->[androidx.work:work-runtime:2.9.0] AndroidManifest.xml:30:13-67
94            android:authorities="com.countjoy.androidx-startup"
94-->[androidx.work:work-runtime:2.9.0] AndroidManifest.xml:31:13-68
95            android:exported="false" >
95-->[androidx.work:work-runtime:2.9.0] AndroidManifest.xml:32:13-37
96            <meta-data
96-->[androidx.work:work-runtime:2.9.0] AndroidManifest.xml:34:13-36:52
97                android:name="androidx.work.WorkManagerInitializer"
97-->[androidx.work:work-runtime:2.9.0] AndroidManifest.xml:35:17-68
98                android:value="androidx.startup" />
98-->[androidx.work:work-runtime:2.9.0] AndroidManifest.xml:36:17-49
99            <meta-data
99-->[androidx.emoji2:emoji2:1.4.0] AndroidManifest.xml:29:13-31:52
100                android:name="androidx.emoji2.text.EmojiCompatInitializer"
100-->[androidx.emoji2:emoji2:1.4.0] AndroidManifest.xml:30:17-75
101                android:value="androidx.startup" />
101-->[androidx.emoji2:emoji2:1.4.0] AndroidManifest.xml:31:17-49
102            <meta-data
102-->[androidx.lifecycle:lifecycle-process:2.7.0] AndroidManifest.xml:29:13-31:52
103                android:name="androidx.lifecycle.ProcessLifecycleInitializer"
103-->[androidx.lifecycle:lifecycle-process:2.7.0] AndroidManifest.xml:30:17-78
104                android:value="androidx.startup" />
104-->[androidx.lifecycle:lifecycle-process:2.7.0] AndroidManifest.xml:31:17-49
105            <meta-data
105-->[androidx.profileinstaller:profileinstaller:1.3.0] AndroidManifest.xml:29:13-31:52
106                android:name="androidx.profileinstaller.ProfileInstallerInitializer"
106-->[androidx.profileinstaller:profileinstaller:1.3.0] AndroidManifest.xml:30:17-85
107                android:value="androidx.startup" />
107-->[androidx.profileinstaller:profileinstaller:1.3.0] AndroidManifest.xml:31:17-49
108        </provider>
109
110        <service
110-->[androidx.work:work-runtime:2.9.0] AndroidManifest.xml:39:9-45:35
111            android:name="androidx.work.impl.background.systemalarm.SystemAlarmService"
111-->[androidx.work:work-runtime:2.9.0] AndroidManifest.xml:40:13-88
112            android:directBootAware="false"
112-->[androidx.work:work-runtime:2.9.0] AndroidManifest.xml:41:13-44
113            android:enabled="@bool/enable_system_alarm_service_default"
113-->[androidx.work:work-runtime:2.9.0] AndroidManifest.xml:42:13-72
114            android:exported="false" />
114-->[androidx.work:work-runtime:2.9.0] AndroidManifest.xml:43:13-37
115        <service
115-->[androidx.work:work-runtime:2.9.0] AndroidManifest.xml:46:9-52:35
116            android:name="androidx.work.impl.background.systemjob.SystemJobService"
116-->[androidx.work:work-runtime:2.9.0] AndroidManifest.xml:47:13-84
117            android:directBootAware="false"
117-->[androidx.work:work-runtime:2.9.0] AndroidManifest.xml:48:13-44
118            android:enabled="@bool/enable_system_job_service_default"
118-->[androidx.work:work-runtime:2.9.0] AndroidManifest.xml:49:13-70
119            android:exported="true"
119-->[androidx.work:work-runtime:2.9.0] AndroidManifest.xml:50:13-36
120            android:permission="android.permission.BIND_JOB_SERVICE" />
120-->[androidx.work:work-runtime:2.9.0] AndroidManifest.xml:51:13-69
121        <service
121-->[androidx.work:work-runtime:2.9.0] AndroidManifest.xml:53:9-59:35
122            android:name="androidx.work.impl.foreground.SystemForegroundService"
122-->[androidx.work:work-runtime:2.9.0] AndroidManifest.xml:54:13-81
123            android:directBootAware="false"
123-->[androidx.work:work-runtime:2.9.0] AndroidManifest.xml:55:13-44
124            android:enabled="@bool/enable_system_foreground_service_default"
124-->[androidx.work:work-runtime:2.9.0] AndroidManifest.xml:56:13-77
125            android:exported="false" />
125-->[androidx.work:work-runtime:2.9.0] AndroidManifest.xml:57:13-37
126
127        <receiver
127-->[androidx.work:work-runtime:2.9.0] AndroidManifest.xml:61:9-66:35
128            android:name="androidx.work.impl.utils.ForceStopRunnable$BroadcastReceiver"
128-->[androidx.work:work-runtime:2.9.0] AndroidManifest.xml:62:13-88
129            android:directBootAware="false"
129-->[androidx.work:work-runtime:2.9.0] AndroidManifest.xml:63:13-44
130            android:enabled="true"
130-->[androidx.work:work-runtime:2.9.0] AndroidManifest.xml:64:13-35
131            android:exported="false" />
131-->[androidx.work:work-runtime:2.9.0] AndroidManifest.xml:65:13-37
132        <receiver
132-->[androidx.work:work-runtime:2.9.0] AndroidManifest.xml:67:9-77:20
133            android:name="androidx.work.impl.background.systemalarm.ConstraintProxy$BatteryChargingProxy"
133-->[androidx.work:work-runtime:2.9.0] AndroidManifest.xml:68:13-106
134            android:directBootAware="false"
134-->[androidx.work:work-runtime:2.9.0] AndroidManifest.xml:69:13-44
135            android:enabled="false"
135-->[androidx.work:work-runtime:2.9.0] AndroidManifest.xml:70:13-36
136            android:exported="false" >
136-->[androidx.work:work-runtime:2.9.0] AndroidManifest.xml:71:13-37
137            <intent-filter>
137-->[androidx.work:work-runtime:2.9.0] AndroidManifest.xml:73:13-76:29
138                <action android:name="android.intent.action.ACTION_POWER_CONNECTED" />
138-->[androidx.work:work-runtime:2.9.0] AndroidManifest.xml:74:17-87
138-->[androidx.work:work-runtime:2.9.0] AndroidManifest.xml:74:25-84
139                <action android:name="android.intent.action.ACTION_POWER_DISCONNECTED" />
139-->[androidx.work:work-runtime:2.9.0] AndroidManifest.xml:75:17-90
139-->[androidx.work:work-runtime:2.9.0] AndroidManifest.xml:75:25-87
140            </intent-filter>
141        </receiver>
142        <receiver
142-->[androidx.work:work-runtime:2.9.0] AndroidManifest.xml:78:9-88:20
143            android:name="androidx.work.impl.background.systemalarm.ConstraintProxy$BatteryNotLowProxy"
143-->[androidx.work:work-runtime:2.9.0] AndroidManifest.xml:79:13-104
144            android:directBootAware="false"
144-->[androidx.work:work-runtime:2.9.0] AndroidManifest.xml:80:13-44
145            android:enabled="false"
145-->[androidx.work:work-runtime:2.9.0] AndroidManifest.xml:81:13-36
146            android:exported="false" >
146-->[androidx.work:work-runtime:2.9.0] AndroidManifest.xml:82:13-37
147            <intent-filter>
147-->[androidx.work:work-runtime:2.9.0] AndroidManifest.xml:84:13-87:29
148                <action android:name="android.intent.action.BATTERY_OKAY" />
148-->[androidx.work:work-runtime:2.9.0] AndroidManifest.xml:85:17-77
148-->[androidx.work:work-runtime:2.9.0] AndroidManifest.xml:85:25-74
149                <action android:name="android.intent.action.BATTERY_LOW" />
149-->[androidx.work:work-runtime:2.9.0] AndroidManifest.xml:86:17-76
149-->[androidx.work:work-runtime:2.9.0] AndroidManifest.xml:86:25-73
150            </intent-filter>
151        </receiver>
152        <receiver
152-->[androidx.work:work-runtime:2.9.0] AndroidManifest.xml:89:9-99:20
153            android:name="androidx.work.impl.background.systemalarm.ConstraintProxy$StorageNotLowProxy"
153-->[androidx.work:work-runtime:2.9.0] AndroidManifest.xml:90:13-104
154            android:directBootAware="false"
154-->[androidx.work:work-runtime:2.9.0] AndroidManifest.xml:91:13-44
155            android:enabled="false"
155-->[androidx.work:work-runtime:2.9.0] AndroidManifest.xml:92:13-36
156            android:exported="false" >
156-->[androidx.work:work-runtime:2.9.0] AndroidManifest.xml:93:13-37
157            <intent-filter>
157-->[androidx.work:work-runtime:2.9.0] AndroidManifest.xml:95:13-98:29
158                <action android:name="android.intent.action.DEVICE_STORAGE_LOW" />
158-->[androidx.work:work-runtime:2.9.0] AndroidManifest.xml:96:17-83
158-->[androidx.work:work-runtime:2.9.0] AndroidManifest.xml:96:25-80
159                <action android:name="android.intent.action.DEVICE_STORAGE_OK" />
159-->[androidx.work:work-runtime:2.9.0] AndroidManifest.xml:97:17-82
159-->[androidx.work:work-runtime:2.9.0] AndroidManifest.xml:97:25-79
160            </intent-filter>
161        </receiver>
162        <receiver
162-->[androidx.work:work-runtime:2.9.0] AndroidManifest.xml:100:9-109:20
163            android:name="androidx.work.impl.background.systemalarm.ConstraintProxy$NetworkStateProxy"
163-->[androidx.work:work-runtime:2.9.0] AndroidManifest.xml:101:13-103
164            android:directBootAware="false"
164-->[androidx.work:work-runtime:2.9.0] AndroidManifest.xml:102:13-44
165            android:enabled="false"
165-->[androidx.work:work-runtime:2.9.0] AndroidManifest.xml:103:13-36
166            android:exported="false" >
166-->[androidx.work:work-runtime:2.9.0] AndroidManifest.xml:104:13-37
167            <intent-filter>
167-->[androidx.work:work-runtime:2.9.0] AndroidManifest.xml:106:13-108:29
168                <action android:name="android.net.conn.CONNECTIVITY_CHANGE" />
168-->[androidx.work:work-runtime:2.9.0] AndroidManifest.xml:107:17-79
168-->[androidx.work:work-runtime:2.9.0] AndroidManifest.xml:107:25-76
169            </intent-filter>
170        </receiver>
171        <receiver
171-->[androidx.work:work-runtime:2.9.0] AndroidManifest.xml:110:9-121:20
172            android:name="androidx.work.impl.background.systemalarm.RescheduleReceiver"
172-->[androidx.work:work-runtime:2.9.0] AndroidManifest.xml:111:13-88
173            android:directBootAware="false"
173-->[androidx.work:work-runtime:2.9.0] AndroidManifest.xml:112:13-44
174            android:enabled="false"
174-->[androidx.work:work-runtime:2.9.0] AndroidManifest.xml:113:13-36
175            android:exported="false" >
175-->[androidx.work:work-runtime:2.9.0] AndroidManifest.xml:114:13-37
176            <intent-filter>
176-->[androidx.work:work-runtime:2.9.0] AndroidManifest.xml:116:13-120:29
177                <action android:name="android.intent.action.BOOT_COMPLETED" />
177-->src/main/AndroidManifest.xml:48:17-79
177-->src/main/AndroidManifest.xml:48:25-76
178                <action android:name="android.intent.action.TIME_SET" />
178-->src/main/AndroidManifest.xml:61:17-73
178-->src/main/AndroidManifest.xml:61:25-70
179                <action android:name="android.intent.action.TIMEZONE_CHANGED" />
179-->src/main/AndroidManifest.xml:60:17-81
179-->src/main/AndroidManifest.xml:60:25-78
180            </intent-filter>
181        </receiver>
182        <receiver
182-->[androidx.work:work-runtime:2.9.0] AndroidManifest.xml:122:9-131:20
183            android:name="androidx.work.impl.background.systemalarm.ConstraintProxyUpdateReceiver"
183-->[androidx.work:work-runtime:2.9.0] AndroidManifest.xml:123:13-99
184            android:directBootAware="false"
184-->[androidx.work:work-runtime:2.9.0] AndroidManifest.xml:124:13-44
185            android:enabled="@bool/enable_system_alarm_service_default"
185-->[androidx.work:work-runtime:2.9.0] AndroidManifest.xml:125:13-72
186            android:exported="false" >
186-->[androidx.work:work-runtime:2.9.0] AndroidManifest.xml:126:13-37
187            <intent-filter>
187-->[androidx.work:work-runtime:2.9.0] AndroidManifest.xml:128:13-130:29
188                <action android:name="androidx.work.impl.background.systemalarm.UpdateProxies" />
188-->[androidx.work:work-runtime:2.9.0] AndroidManifest.xml:129:17-98
188-->[androidx.work:work-runtime:2.9.0] AndroidManifest.xml:129:25-95
189            </intent-filter>
190        </receiver>
191        <receiver
191-->[androidx.work:work-runtime:2.9.0] AndroidManifest.xml:132:9-142:20
192            android:name="androidx.work.impl.diagnostics.DiagnosticsReceiver"
192-->[androidx.work:work-runtime:2.9.0] AndroidManifest.xml:133:13-78
193            android:directBootAware="false"
193-->[androidx.work:work-runtime:2.9.0] AndroidManifest.xml:134:13-44
194            android:enabled="true"
194-->[androidx.work:work-runtime:2.9.0] AndroidManifest.xml:135:13-35
195            android:exported="true"
195-->[androidx.work:work-runtime:2.9.0] AndroidManifest.xml:136:13-36
196            android:permission="android.permission.DUMP" >
196-->[androidx.work:work-runtime:2.9.0] AndroidManifest.xml:137:13-57
197            <intent-filter>
197-->[androidx.work:work-runtime:2.9.0] AndroidManifest.xml:139:13-141:29
198                <action android:name="androidx.work.diagnostics.REQUEST_DIAGNOSTICS" />
198-->[androidx.work:work-runtime:2.9.0] AndroidManifest.xml:140:17-88
198-->[androidx.work:work-runtime:2.9.0] AndroidManifest.xml:140:25-85
199            </intent-filter>
200        </receiver>
201
202        <activity
202-->[androidx.compose.ui:ui-test-manifest:1.5.4] AndroidManifest.xml:23:9-25:39
203            android:name="androidx.activity.ComponentActivity"
203-->[androidx.compose.ui:ui-test-manifest:1.5.4] AndroidManifest.xml:24:13-63
204            android:exported="true" />
204-->[androidx.compose.ui:ui-test-manifest:1.5.4] AndroidManifest.xml:25:13-36
205        <activity
205-->[androidx.compose.ui:ui-tooling-android:1.5.4] AndroidManifest.xml:23:9-25:39
206            android:name="androidx.compose.ui.tooling.PreviewActivity"
206-->[androidx.compose.ui:ui-tooling-android:1.5.4] AndroidManifest.xml:24:13-71
207            android:exported="true" />
207-->[androidx.compose.ui:ui-tooling-android:1.5.4] AndroidManifest.xml:25:13-36
208
209        <service
209-->[androidx.room:room-runtime:2.6.1] AndroidManifest.xml:24:9-28:63
210            android:name="androidx.room.MultiInstanceInvalidationService"
210-->[androidx.room:room-runtime:2.6.1] AndroidManifest.xml:25:13-74
211            android:directBootAware="true"
211-->[androidx.room:room-runtime:2.6.1] AndroidManifest.xml:26:13-43
212            android:exported="false" />
212-->[androidx.room:room-runtime:2.6.1] AndroidManifest.xml:27:13-37
213
214        <receiver
214-->[androidx.profileinstaller:profileinstaller:1.3.0] AndroidManifest.xml:34:9-52:20
215            android:name="androidx.profileinstaller.ProfileInstallReceiver"
215-->[androidx.profileinstaller:profileinstaller:1.3.0] AndroidManifest.xml:35:13-76
216            android:directBootAware="false"
216-->[androidx.profileinstaller:profileinstaller:1.3.0] AndroidManifest.xml:36:13-44
217            android:enabled="true"
217-->[androidx.profileinstaller:profileinstaller:1.3.0] AndroidManifest.xml:37:13-35
218            android:exported="true"
218-->[androidx.profileinstaller:profileinstaller:1.3.0] AndroidManifest.xml:38:13-36
219            android:permission="android.permission.DUMP" >
219-->[androidx.profileinstaller:profileinstaller:1.3.0] AndroidManifest.xml:39:13-57
220            <intent-filter>
220-->[androidx.profileinstaller:profileinstaller:1.3.0] AndroidManifest.xml:40:13-42:29
221                <action android:name="androidx.profileinstaller.action.INSTALL_PROFILE" />
221-->[androidx.profileinstaller:profileinstaller:1.3.0] AndroidManifest.xml:41:17-91
221-->[androidx.profileinstaller:profileinstaller:1.3.0] AndroidManifest.xml:41:25-88
222            </intent-filter>
223            <intent-filter>
223-->[androidx.profileinstaller:profileinstaller:1.3.0] AndroidManifest.xml:43:13-45:29
224                <action android:name="androidx.profileinstaller.action.SKIP_FILE" />
224-->[androidx.profileinstaller:profileinstaller:1.3.0] AndroidManifest.xml:44:17-85
224-->[androidx.profileinstaller:profileinstaller:1.3.0] AndroidManifest.xml:44:25-82
225            </intent-filter>
226            <intent-filter>
226-->[androidx.profileinstaller:profileinstaller:1.3.0] AndroidManifest.xml:46:13-48:29
227                <action android:name="androidx.profileinstaller.action.SAVE_PROFILE" />
227-->[androidx.profileinstaller:profileinstaller:1.3.0] AndroidManifest.xml:47:17-88
227-->[androidx.profileinstaller:profileinstaller:1.3.0] AndroidManifest.xml:47:25-85
228            </intent-filter>
229            <intent-filter>
229-->[androidx.profileinstaller:profileinstaller:1.3.0] AndroidManifest.xml:49:13-51:29
230                <action android:name="androidx.profileinstaller.action.BENCHMARK_OPERATION" />
230-->[androidx.profileinstaller:profileinstaller:1.3.0] AndroidManifest.xml:50:17-95
230-->[androidx.profileinstaller:profileinstaller:1.3.0] AndroidManifest.xml:50:25-92
231            </intent-filter>
232        </receiver>
233    </application>
234
235</manifest>